d:\myworkspase\win_api\c_api\c_api\debug\vc140.pdb
d:\myworkspase\win_api\c_api\c_api\debug\vc140.idb
d:\myworkspase\win_api\c_api\c_api\debug\bianlijuan.obj
d:\myworkspase\win_api\c_api\c_api\debug\chuangjianchuangkou.obj
d:\myworkspase\win_api\c_api\c_api\debug\cipanrongliang.obj
d:\myworkspase\win_api\c_api\c_api\debug\io_api.obj
d:\myworkspase\win_api\c_api\c_api\debug\minglinghangfangshi.obj
d:\myworkspase\win_api\c_api\c_api\debug\qudongqishuxing.obj
d:\myworkspase\win_api\c_api\c_api\debug\xiangdao_chuangkou.obj
d:\myworkspase\win_api\c_api\debug\c_api.ilk
d:\myworkspase\win_api\c_api\debug\c_api.exe
d:\myworkspase\win_api\c_api\debug\c_api.pdb
d:\myworkspase\win_api\c_api\c_api\debug\c_api.res
d:\myworkspase\win_api\c_api\c_api\debug\c_api.tlog\cl.command.1.tlog
d:\myworkspase\win_api\c_api\c_api\debug\c_api.tlog\cl.read.1.tlog
d:\myworkspase\win_api\c_api\c_api\debug\c_api.tlog\cl.write.1.tlog
d:\myworkspase\win_api\c_api\c_api\debug\c_api.tlog\link.command.1.tlog
d:\myworkspase\win_api\c_api\c_api\debug\c_api.tlog\link.read.1.tlog
d:\myworkspase\win_api\c_api\c_api\debug\c_api.tlog\link.write.1.tlog
d:\myworkspase\win_api\c_api\c_api\debug\c_api.tlog\rc.command.1.tlog
d:\myworkspase\win_api\c_api\c_api\debug\c_api.tlog\rc.read.1.tlog
d:\myworkspase\win_api\c_api\c_api\debug\c_api.tlog\rc.write.1.tlog
